[debug] [2021-11-09T02:05:08.742Z] ----------------------------------------------------------------------
[debug] [2021-11-09T02:05:08.743Z] Command:       C:\Program Files\nodejs\node.exe C:\Users\curtg\AppData\Roaming\npm\node_modules\firebase-tools\lib\bin\firebase.js init
[debug] [2021-11-09T02:05:08.744Z] CLI Version:   9.22.0
[debug] [2021-11-09T02:05:08.744Z] Platform:      win32
[debug] [2021-11-09T02:05:08.744Z] Node Version:  v14.15.4
[debug] [2021-11-09T02:05:08.745Z] Time:          Mon Nov 08 2021 18:05:08 GMT-0800 (Pacific Standard Time)
[debug] [2021-11-09T02:05:08.745Z] ----------------------------------------------------------------------
[debug] 
[debug] [2021-11-09T02:05:08.751Z] > command requires scopes: ["email","openid","https://www.googleapis.com/auth/cloudplatformprojects.readonly","https://www.googleapis.com/auth/firebase","https://www.googleapis.com/auth/cloud-platform"]
[debug] [2021-11-09T02:05:08.751Z] > authorizing via signed-in user (curtgglc@gmail.com)
[info] 
     ######## #### ########  ######## ########     ###     ######  ########
     ##        ##  ##     ## ##       ##     ##  ##   ##  ##       ##
     ######    ##  ########  ######   ########  #########  ######  ######
     ##        ##  ##    ##  ##       ##     ## ##     ##       ## ##
     ##       #### ##     ## ######## ########  ##     ##  ######  ########

You're about to initialize a Firebase project in this directory:

  C:\Users\curtg\Documents\Revature\Training\Repos\p3cicd\SchedulingApp\AngularSchedulingApp

[info] 
=== Project Setup
[info] 
[info] First, let's associate this project directory with a Firebase project.
[info] You can create multiple project aliases by running firebase use --add, 
[info] but for now we'll just set up a default project.
[info] 
[debug] [2021-11-09T02:05:18.712Z] >>> [apiv2][query] GET https://firebase.googleapis.com/v1beta1/projects pageSize=100
[debug] [2021-11-09T02:05:19.082Z] <<< [apiv2][status] GET https://firebase.googleapis.com/v1beta1/projects 200
[debug] [2021-11-09T02:05:19.082Z] <<< [apiv2][body] GET https://firebase.googleapis.com/v1beta1/projects [omitted]
[info] i  Using project revp3cicd (RevP3CICD) 
[info] 
=== Hosting Setup
[info] 
[info] Your public directory is the folder (relative to your project directory) that
[info] will contain Hosting assets to be uploaded with firebase deploy. If you
[info] have a build process for your assets, use your build's output directory.
[info] 
